/bin/sh: 1: python: not found
/bin/sh: 1: python: not found
/bin/sh: 1: python: not found
/bin/sh: 1: python: not found
/bin/sh: 1: python: not found
/bin/sh: 1: python: not found
/bin/sh: 1: python: not found
/bin/sh: 1: python: not found
/bin/sh: 1: python: not found
/bin/sh: 1: python: not found
sh: 1: source: not found
sh: 1: python: not found
Training candidate...
[PROMOTE] version 12 meets gate (99.50% >= 97.00%).
sh: 1: source: not found
sh: 1: python: not found
Training candidate...
[PROMOTE] version 12 meets gate (99.50% >= 97.00%).
Traceback (most recent call last):
  File "/home/abrhame/Projects/model-serving/train_tf.py", line 3, in <module>
    import numpy as np
ModuleNotFoundError: No module named 'numpy'
Training candidate...
[PROMOTE] version 13 meets gate (99.50% >= 97.00%).
Traceback (most recent call last):
  File "/home/abrhame/Projects/model-serving/train_tf.py", line 3, in <module>
    import numpy as np
ModuleNotFoundError: No module named 'numpy'
Training candidate...
[PROMOTE] version 13 meets gate (99.50% >= 97.00%).
Traceback (most recent call last):
  File "/home/abrhame/Projects/model-serving/train_tf.py", line 3, in <module>
    import numpy as np
ModuleNotFoundError: No module named 'numpy'
Training candidate...
[PROMOTE] version 15 meets gate (98.50% >= 97.00%).
